0 info it worked if it ends with ok
1 verbose cli [ '/usr/bin/node', '/usr/bin/npm', '-g', 'install' ]
2 info using npm@1.4.28
3 info using node@v0.10.40
4 verbose node symlink /usr/bin/node
5 verbose cache add [ '.', null ]
6 verbose cache add name=undefined spec="." args=[".",null]
7 verbose parsed url { protocol: null,
7 verbose parsed url   slashes: null,
7 verbose parsed url   auth: null,
7 verbose parsed url   host: null,
7 verbose parsed url   port: null,
7 verbose parsed url   hostname: null,
7 verbose parsed url   hash: null,
7 verbose parsed url   search: null,
7 verbose parsed url   query: null,
7 verbose parsed url   pathname: '.',
7 verbose parsed url   path: '.',
7 verbose parsed url   href: '.' }
8 silly lockFile 3a52ce78- .
9 verbose lock . /home/bluemix/.npm/3a52ce78-.lock
10 verbose tar pack [ '/home/bluemix/.npm/node-red-contrib-grovepi/0.0.12/package.tgz',
10 verbose tar pack   '.' ]
11 verbose tarball /home/bluemix/.npm/node-red-contrib-grovepi/0.0.12/package.tgz
12 verbose folder .
13 info prepublish node-red-contrib-grovepi@0.0.12
14 silly lockFile 1f1177db-tar tar://.
15 verbose lock tar://. /home/bluemix/.npm/1f1177db-tar.lock
16 silly lockFile 4c13e26e-ntrib-grovepi-0-0-12-package-tgz tar:///home/bluemix/.npm/node-red-contrib-grovepi/0.0.12/package.tgz
17 verbose lock tar:///home/bluemix/.npm/node-red-contrib-grovepi/0.0.12/package.tgz /home/bluemix/.npm/4c13e26e-ntrib-grovepi-0-0-12-package-tgz.lock
18 silly lockFile 1f1177db-tar tar://.
19 silly lockFile 1f1177db-tar tar://.
20 silly lockFile 4c13e26e-ntrib-grovepi-0-0-12-package-tgz tar:///home/bluemix/.npm/node-red-contrib-grovepi/0.0.12/package.tgz
21 silly lockFile 4c13e26e-ntrib-grovepi-0-0-12-package-tgz tar:///home/bluemix/.npm/node-red-contrib-grovepi/0.0.12/package.tgz
22 silly lockFile 02ee4c41-d-contrib-grovepi-0-0-12-package /home/bluemix/.npm/node-red-contrib-grovepi/0.0.12/package
23 verbose lock /home/bluemix/.npm/node-red-contrib-grovepi/0.0.12/package /home/bluemix/.npm/02ee4c41-d-contrib-grovepi-0-0-12-package.lock
24 silly lockFile 02ee4c41-d-contrib-grovepi-0-0-12-package /home/bluemix/.npm/node-red-contrib-grovepi/0.0.12/package
25 silly lockFile 02ee4c41-d-contrib-grovepi-0-0-12-package /home/bluemix/.npm/node-red-contrib-grovepi/0.0.12/package
26 silly lockFile 3a52ce78- .
27 silly lockFile 3a52ce78- .
28 silly resolved [ { name: 'node-red-contrib-grovepi',
28 silly resolved     version: '0.0.12',
28 silly resolved     description: 'GrovePi Enhancements to the Raspberry PI IoT Foundation',
28 silly resolved     author: { name: 'Olaf Hahn' },
28 silly resolved     license: 'Apache-2.0',
28 silly resolved     main: 'grovepi.js',
28 silly resolved     keywords: [ 'node-red', 'grovepi', 'gpio', 'io', 'ibm', 'raspberry pi' ],
28 silly resolved     scripts: { test: 'echo "Error: no test specified" && exit 1' },
28 silly resolved     repository:
28 silly resolved      { type: 'git',
28 silly resolved        url: 'git@github.com:O-Hahn/node-red-contrib-grovepi' },
28 silly resolved     'node-red': { nodes: [Object] },
28 silly resolved     gitHead: '7e17928b478bdc95a2fff9d1c17f11a71909c4bd',
28 silly resolved     readme: '# node-red-contrib-grovepi\nGrovePi - build own node-red node to support Raspberry Pi extensions to GrovePi+ Board and Sensors\n\n',
28 silly resolved     readmeFilename: 'README.md',
28 silly resolved     bugs: { url: 'https://github.com/O-Hahn/node-red-contrib-grovepi/issues' },
28 silly resolved     homepage: 'https://github.com/O-Hahn/node-red-contrib-grovepi',
28 silly resolved     _id: 'node-red-contrib-grovepi@0.0.12',
28 silly resolved     _shasum: 'ffc8213b7f609aa1a627883fdb68ff601b355cfd',
28 silly resolved     _from: '.' } ]
29 info install node-red-contrib-grovepi@0.0.12 into /usr/lib
30 info installOne node-red-contrib-grovepi@0.0.12
31 verbose lib/node_modules/node-red-contrib-grovepi unbuild
32 verbose tar unpack /home/bluemix/.npm/node-red-contrib-grovepi/0.0.12/package.tgz
33 silly lockFile 1fa9aa17-modules-node-red-contrib-grovepi tar:///usr/lib/node_modules/node-red-contrib-grovepi
34 verbose lock tar:///usr/lib/node_modules/node-red-contrib-grovepi /home/bluemix/.npm/1fa9aa17-modules-node-red-contrib-grovepi.lock
35 silly lockFile 4c13e26e-ntrib-grovepi-0-0-12-package-tgz tar:///home/bluemix/.npm/node-red-contrib-grovepi/0.0.12/package.tgz
36 verbose lock tar:///home/bluemix/.npm/node-red-contrib-grovepi/0.0.12/package.tgz /home/bluemix/.npm/4c13e26e-ntrib-grovepi-0-0-12-package-tgz.lock
37 silly gunzTarPerm modes [ '775', '664' ]
38 error Error: EACCES, mkdir '/usr/lib/node_modules/node-red-contrib-grovepi'
38 error  { [Error: EACCES, mkdir '/usr/lib/node_modules/node-red-contrib-grovepi']
38 error   errno: 3,
38 error   code: 'EACCES',
38 error   path: '/usr/lib/node_modules/node-red-contrib-grovepi',
38 error   fstream_type: 'Directory',
38 error   fstream_path: '/usr/lib/node_modules/node-red-contrib-grovepi',
38 error   fstream_class: 'DirWriter',
38 error   fstream_stack:
38 error    [ '/usr/lib/node_modules/npm/node_modules/fstream/lib/dir-writer.js:36:23',
38 error      '/usr/lib/node_modules/npm/node_modules/mkdirp/index.js:46:53',
38 error      'Object.oncomplete (fs.js:108:15)' ] }
39 error Please try running this command again as root/Administrator.
40 error System Linux 3.13.0-63-generic
41 error command "/usr/bin/node" "/usr/bin/npm" "-g" "install"
42 error cwd /home/bluemix/git/node-red-contrib-grovepi
43 error node -v v0.10.40
44 error npm -v 1.4.28
45 error path /usr/lib/node_modules/node-red-contrib-grovepi
46 error fstream_path /usr/lib/node_modules/node-red-contrib-grovepi
47 error fstream_type Directory
48 error fstream_class DirWriter
49 error code EACCES
50 error errno 3
51 error stack Error: EACCES, mkdir '/usr/lib/node_modules/node-red-contrib-grovepi'
52 error fstream_stack /usr/lib/node_modules/npm/node_modules/fstream/lib/dir-writer.js:36:23
52 error fstream_stack /usr/lib/node_modules/npm/node_modules/mkdirp/index.js:46:53
52 error fstream_stack Object.oncomplete (fs.js:108:15)
53 verbose exit [ 3, true ]
